Step: build-step-credential-initializer:

{"level":"warn","ts":1549031279.6969457,"logger":"fallback-logger","caller":"logging/config.go:65","msg":"Fetch GitHub commit ID from kodata failed: \"ref: refs/heads/test\" is not a valid GitHub commit ID"}
{"level":"info","ts":1549031279.698785,"logger":"fallback-logger","caller":"creds-init/main.go:40","msg":"Credentials initialized."}
Step: build-step-git-source-0:

{"level":"warn","ts":1549031280.5832272,"logger":"fallback-logger","caller":"logging/config.go:65","msg":"Fetch GitHub commit ID from kodata failed: \"ref: refs/heads/test\" is not a valid GitHub commit ID"}
{"level":"info","ts":1549031283.195177,"logger":"fallback-logger","caller":"git-init/main.go:92","msg":"Successfully cloned \"https://github.com/cb-kubecd/steve-golang.git\" @ \"master\" in path \"/workspace\""}
Step: build-step-jenkins:

Picked up _JAVA_OPTIONS: -Xmx400m
Started
Running in Durability level: PERFORMANCE_OPTIMIZED
  18.805 [id=34]	WARNING	i.f.k.c.i.VersionUsageUtils#alert: The client is using resource type 'customresourcedefinitions' with unstable version 'v1beta1'
[Pipeline] node
Running on Jenkins in /tmp/jenkinsTests.tmp/jenkins704481755986045164test/workspace/job
[Pipeline] {
[Pipeline] stage
[Pipeline] { (Declarative: Checkout SCM)
[Pipeline] checkout
[Pipeline] }
[Pipeline] // stage
[Pipeline] withCredentials
[Pipeline] {
[Pipeline] withEnv
[Pipeline] {
[Pipeline] stage
[Pipeline] { (CI Build and push snapshot)
Stage "CI Build and push snapshot" skipped due to when conditional
[Pipeline] }
[Pipeline] // stage
[Pipeline] stage
[Pipeline] { (Build Release)
[Pipeline] dir
Running in /home/jenkins/go/src/github.com/cb-kubecd/steve-golang
[Pipeline] {
[Pipeline] git
Cloning the remote Git repository
Cloning repository https://github.com/cb-kubecd/steve-golang.git
 > git init /home/jenkins/go/src/github.com/cb-kubecd/steve-golang # timeout=10
Fetching upstream changes from https://github.com/cb-kubecd/steve-golang.git
 > git --version # timeout=10
 > git fetch --tags --progress https://github.com/cb-kubecd/steve-golang.git +refs/heads/*:refs/remotes/origin/*
 > git config remote.origin.url https://github.com/cb-kubecd/steve-golang.git # timeout=10
 > git config --add remote.origin.fetch +refs/heads/*:refs/remotes/origin/* # timeout=10
 > git config remote.origin.url https://github.com/cb-kubecd/steve-golang.git # timeout=10
Fetching upstream changes from https://github.com/cb-kubecd/steve-golang.git
 > git fetch --tags --progress https://github.com/cb-kubecd/steve-golang.git +refs/heads/*:refs/remotes/origin/*
 > git rev-parse refs/remotes/origin/master^{commit} # timeout=10
 > git rev-parse refs/remotes/origin/origin/master^{commit} # timeout=10
Checking out Revision 40507f0288f260d9aee314911b3d18d31af6fd1e (refs/remotes/origin/master)
 > git config core.sparsecheckout # timeout=10
 > git checkout -f 40507f0288f260d9aee314911b3d18d31af6fd1e
 > git branch -a -v --no-abbrev # timeout=10
 > git checkout -b master 40507f0288f260d9aee314911b3d18d31af6fd1e
Commit message: "removed changelog"
First time build. Skipping changelog.
[Pipeline] sh
+ jx-release-version
+ echo 0.0.23
[Pipeline] sh
+ cat VERSION
+ jx step tag --version 0.0.23
Tag v0.0.23 created and pushed to remote origin
[Pipeline] sh
+ make build
CGO_ENABLED=0 GO15VENDOREXPERIMENT=1 go build -ldflags '' -o bin/steve-golang main.go
[Pipeline] sh
+ cat VERSION
+ export VERSION=0.0.23
+ skaffold build -f skaffold.yaml
time="2019-02-01T14:28:53Z" level=warning msg="config version (skaffold/v1beta2) out of date: upgrading to latest (skaffold/v1beta3)"
Starting build...
Building [changeme]...
Sending build context to Docker daemon  525.8kBSending build context to Docker daemon  6.502MB
Step 1/4 : FROM scratch
 ---> 
Step 2/4 : EXPOSE 8080
 ---> Using cache
 ---> d7c34924af3b
Step 3/4 : ENTRYPOINT /steve-golang
 ---> Using cache
 ---> 1b090e1992ed
Step 4/4 : COPY ./bin/ /
 ---> Using cache
 ---> 63e55e065b45
Successfully built 63e55e065b45
The push refers to a repository [10.75.242.126:5000/cb-kubecd/steve-golang]
a689a4a9e595: Preparing
a689a4a9e595: Layer already exists
0.0.23: digest: sha256:30a81c487260b6009afb3ffb8ea15921c4c73440c1b2cd6c36ab3e9f0e345cb4 size: 528
Build complete in 282.669887ms
Starting test...
Test complete in 4.571µs
changeme -> 10.75.242.126:5000/cb-kubecd/steve-golang:0.0.23
[Pipeline] sh
+ cat VERSION
+ jx step post build --image 10.75.242.126:5000/cb-kubecd/steve-golang:0.0.23
[Pipeline] }
[Pipeline] // dir
[Pipeline] }
[Pipeline] // stage
[Pipeline] stage
[Pipeline] { (Promote to Environments)
[Pipeline] dir
Running in /home/jenkins/go/src/github.com/cb-kubecd/steve-golang/charts/steve-golang
[Pipeline] {
[Pipeline] sh
+ jx step helm release
No $CHART_REPOSITORY defined so using the default value of: http://jenkins-x-chartmuseum:8080
Adding missing Helm repo: jenkins-x http://chartmuseum.jenkins-x.io
Successfully added Helm repository jenkins-x.
Adding missing Helm repo: releases http://jenkins-x-chartmuseum:8080
Successfully added Helm repository releases.
No $CHART_REPOSITORY defined so using the default value of: http://jenkins-x-chartmuseum:8080
Uploading chart file steve-golang-0.0.23.tgz to http://jenkins-x-chartmuseum:8080/api/charts
Received 201 response: {"saved":true}
[Pipeline] sh
+ cat ../../VERSION
+ jx promote -b --all-auto --timeout 1h --version 0.0.23
prow based install so skip waiting for the merge of Pull Requests to go green as currently there is an issue with gettingstatuses from the PR, see https://github.com/jenkins-x/jx/issues/2410
Promoting app steve-golang version 0.0.23 to namespace jx-staging
Created Pull Request: https://github.com/cb-kubecd/shared-dev-staging/pull/1

Failed to query the Pull Request last commit status for https://github.com/cb-kubecd/shared-dev-staging/pull/1 ref 19a65269949c4d9e9d4fc28219132c18d28a49de Could not find a status for repository cb-kubecd/shared-dev-staging with ref 19a65269949c4d9e9d4fc28219132c18d28a49de
Failed to query the Pull Request last commit status for https://github.com/cb-kubecd/shared-dev-staging/pull/1 ref 19a65269949c4d9e9d4fc28219132c18d28a49de Could not find a status for repository cb-kubecd/shared-dev-staging with ref 19a65269949c4d9e9d4fc28219132c18d28a49de
Failed to query the Pull Request last commit status for https://github.com/cb-kubecd/shared-dev-staging/pull/1 ref 19a65269949c4d9e9d4fc28219132c18d28a49de Could not find a status for repository cb-kubecd/shared-dev-staging with ref 19a65269949c4d9e9d4fc28219132c18d28a49de
Failed to query the Pull Request last commit status for https://github.com/cb-kubecd/shared-dev-staging/pull/1 ref 19a65269949c4d9e9d4fc28219132c18d28a49de Could not find a status for repository cb-kubecd/shared-dev-staging with ref 19a65269949c4d9e9d4fc28219132c18d28a49de
Failed to query the Pull Request last commit status for https://github.com/cb-kubecd/shared-dev-staging/pull/1 ref 19a65269949c4d9e9d4fc28219132c18d28a49de Could not find a status for repository cb-kubecd/shared-dev-staging with ref 19a65269949c4d9e9d4fc28219132c18d28a49de
Failed to query the Pull Request last commit status for https://github.com/cb-kubecd/shared-dev-staging/pull/1 ref 19a65269949c4d9e9d4fc28219132c18d28a49de Could not find a status for repository cb-kubecd/shared-dev-staging with ref 19a65269949c4d9e9d4fc28219132c18d28a49de
Failed to query the Pull Request last commit status for https://github.com/cb-kubecd/shared-dev-staging/pull/1 ref 19a65269949c4d9e9d4fc28219132c18d28a49de Could not find a status for repository cb-kubecd/shared-dev-staging with ref 19a65269949c4d9e9d4fc28219132c18d28a49de
Failed to query the Pull Request last commit status for https://github.com/cb-kubecd/shared-dev-staging/pull/1 ref 19a65269949c4d9e9d4fc28219132c18d28a49de Could not find a status for repository cb-kubecd/shared-dev-staging with ref 19a65269949c4d9e9d4fc28219132c18d28a49de
Failed to query the Pull Request last commit status for https://github.com/cb-kubecd/shared-dev-staging/pull/1 ref 19a65269949c4d9e9d4fc28219132c18d28a49de Could not find a status for repository cb-kubecd/shared-dev-staging with ref 19a65269949c4d9e9d4fc28219132c18d28a49de
Failed to query the Pull Request last commit status for https://github.com/cb-kubecd/shared-dev-staging/pull/1 ref 19a65269949c4d9e9d4fc28219132c18d28a49de Could not find a status for repository cb-kubecd/shared-dev-staging with ref 19a65269949c4d9e9d4fc28219132c18d28a49de
Failed to query the Pull Request last commit status for https://github.com/cb-kubecd/shared-dev-staging/pull/1 ref 19a65269949c4d9e9d4fc28219132c18d28a49de Could not find a status for repository cb-kubecd/shared-dev-staging with ref 19a65269949c4d9e9d4fc28219132c18d28a49de
Failed to query the Pull Request last commit status for https://github.com/cb-kubecd/shared-dev-staging/pull/1 ref 19a65269949c4d9e9d4fc28219132c18d28a49de Could not find a status for repository cb-kubecd/shared-dev-staging with ref 19a65269949c4d9e9d4fc28219132c18d28a49de
Failed to query the Pull Request last commit status for https://github.com/cb-kubecd/shared-dev-staging/pull/1 ref 19a65269949c4d9e9d4fc28219132c18d28a49de Could not find a status for repository cb-kubecd/shared-dev-staging with ref 19a65269949c4d9e9d4fc28219132c18d28a49de
Failed to query the Pull Request last commit status for https://github.com/cb-kubecd/shared-dev-staging/pull/1 ref 19a65269949c4d9e9d4fc28219132c18d28a49de Could not find a status for repository cb-kubecd/shared-dev-staging with ref 19a65269949c4d9e9d4fc28219132c18d28a49de
Failed to query the Pull Request last commit status for https://github.com/cb-kubecd/shared-dev-staging/pull/1 ref 19a65269949c4d9e9d4fc28219132c18d28a49de Could not find a status for repository cb-kubecd/shared-dev-staging with ref 19a65269949c4d9e9d4fc28219132c18d28a49de
Failed to query the Pull Request last commit status for https://github.com/cb-kubecd/shared-dev-staging/pull/1 ref 19a65269949c4d9e9d4fc28219132c18d28a49de Could not find a status for repository cb-kubecd/shared-dev-staging with ref 19a65269949c4d9e9d4fc28219132c18d28a49de
Failed to query the Pull Request last commit status for https://github.com/cb-kubecd/shared-dev-staging/pull/1 ref 19a65269949c4d9e9d4fc28219132c18d28a49de Could not find a status for repository cb-kubecd/shared-dev-staging with ref 19a65269949c4d9e9d4fc28219132c18d28a49de
Failed to query the Pull Request last commit status for https://github.com/cb-kubecd/shared-dev-staging/pull/1 ref 19a65269949c4d9e9d4fc28219132c18d28a49de Could not find a status for repository cb-kubecd/shared-dev-staging with ref 19a65269949c4d9e9d4fc28219132c18d28a49de
Failed to query the Pull Request last commit status for https://github.com/cb-kubecd/shared-dev-staging/pull/1 ref 19a65269949c4d9e9d4fc28219132c18d28a49de Could not find a status for repository cb-kubecd/shared-dev-staging with ref 19a65269949c4d9e9d4fc28219132c18d28a49de
Failed to query the Pull Request last commit status for https://github.com/cb-kubecd/shared-dev-staging/pull/1 ref 19a65269949c4d9e9d4fc28219132c18d28a49de Could not find a status for repository cb-kubecd/shared-dev-staging with ref 19a65269949c4d9e9d4fc28219132c18d28a49de
Failed to query the Pull Request last commit status for https://github.com/cb-kubecd/shared-dev-staging/pull/1 ref 19a65269949c4d9e9d4fc28219132c18d28a49de Could not find a status for repository cb-kubecd/shared-dev-staging with ref 19a65269949c4d9e9d4fc28219132c18d28a49de
Failed to query the Pull Request last commit status for https://github.com/cb-kubecd/shared-dev-staging/pull/1 ref 19a65269949c4d9e9d4fc28219132c18d28a49de Could not find a status for repository cb-kubecd/shared-dev-staging with ref 19a65269949c4d9e9d4fc28219132c18d28a49de
Failed to query the Pull Request last commit status for https://github.com/cb-kubecd/shared-dev-staging/pull/1 ref 19a65269949c4d9e9d4fc28219132c18d28a49de Could not find a status for repository cb-kubecd/shared-dev-staging with ref 19a65269949c4d9e9d4fc28219132c18d28a49de
Failed to query the Pull Request last commit status for https://github.com/cb-kubecd/shared-dev-staging/pull/1 ref 19a65269949c4d9e9d4fc28219132c18d28a49de Could not find a status for repository cb-kubecd/shared-dev-staging with ref 19a65269949c4d9e9d4fc28219132c18d28a49de
Failed to query the Pull Request last commit status for https://github.com/cb-kubecd/shared-dev-staging/pull/1 ref 19a65269949c4d9e9d4fc28219132c18d28a49de Could not find a status for repository cb-kubecd/shared-dev-staging with ref 19a65269949c4d9e9d4fc28219132c18d28a49de
Failed to query the Pull Request last commit status for https://github.com/cb-kubecd/shared-dev-staging/pull/1 ref 19a65269949c4d9e9d4fc28219132c18d28a49de Could not find a status for repository cb-kubecd/shared-dev-staging with ref 19a65269949c4d9e9d4fc28219132c18d28a49de
Failed to query the Pull Request last commit status for https://github.com/cb-kubecd/shared-dev-staging/pull/1 ref 19a65269949c4d9e9d4fc28219132c18d28a49de Could not find a status for repository cb-kubecd/shared-dev-staging with ref 19a65269949c4d9e9d4fc28219132c18d28a49de
Failed to query the Pull Request last commit status for https://github.com/cb-kubecd/shared-dev-staging/pull/1 ref 19a65269949c4d9e9d4fc28219132c18d28a49de Could not find a status for repository cb-kubecd/shared-dev-staging with ref 19a65269949c4d9e9d4fc28219132c18d28a49de
Failed to query the Pull Request last commit status for https://github.com/cb-kubecd/shared-dev-staging/pull/1 ref 19a65269949c4d9e9d4fc28219132c18d28a49de Could not find a status for repository cb-kubecd/shared-dev-staging with ref 19a65269949c4d9e9d4fc28219132c18d28a49de
Failed to query the Pull Request last commit status for https://github.com/cb-kubecd/shared-dev-staging/pull/1 ref 19a65269949c4d9e9d4fc28219132c18d28a49de Could not find a status for repository cb-kubecd/shared-dev-staging with ref 19a65269949c4d9e9d4fc28219132c18d28a49de
Pull Request https://github.com/cb-kubecd/shared-dev-staging/pull/1 is merged at sha ae971a174dfc3b8bde35f22cbca89dc5c42af2c3
Pull Request merged but we are not waiting for the update pipeline to complete!
Could not find the service URL in namespace jx-staging for names steve-golang, jx-steve-golang, jx-staging-steve-golang
[Pipeline] }
[Pipeline] // dir
[Pipeline] }
[Pipeline] // stage
[Pipeline] }
[Pipeline] // withEnv
[Pipeline] }
[Pipeline] // withCredentials
[Pipeline] }
[Pipeline] // node
[Pipeline] End of Pipeline
Finished: SUCCESS
