Step: build-step-credential-initializer:

{"level":"warn","ts":1549032387.2433496,"logger":"fallback-logger","caller":"logging/config.go:65","msg":"Fetch GitHub commit ID from kodata failed: \"ref: refs/heads/test\" is not a valid GitHub commit ID"}
{"level":"info","ts":1549032387.2437296,"logger":"fallback-logger","caller":"creds-init/main.go:40","msg":"Credentials initialized."}
Step: build-step-git-source-0:

{"level":"warn","ts":1549032388.38642,"logger":"fallback-logger","caller":"logging/config.go:65","msg":"Fetch GitHub commit ID from kodata failed: \"ref: refs/heads/test\" is not a valid GitHub commit ID"}
{"level":"info","ts":1549032390.1089296,"logger":"fallback-logger","caller":"git-init/main.go:92","msg":"Successfully cloned \"https://github.com/cb-kubecd/steve-golang.git\" @ \"0bef6c8fb3b554c86275bac2929c721e253d61db\" in path \"/workspace\""}
Step: build-step-jenkins:

Picked up _JAVA_OPTIONS: -Xmx400m
Started
Running in Durability level: PERFORMANCE_OPTIMIZED
  21.235 [id=24]	WARNING	i.f.k.c.i.VersionUsageUtils#alert: The client is using resource type 'customresourcedefinitions' with unstable version 'v1beta1'
[Pipeline] node
Running on Jenkins in /tmp/jenkinsTests.tmp/jenkins9050054504189493090test/workspace/job
[Pipeline] {
[Pipeline] stage
[Pipeline] { (Declarative: Checkout SCM)
[Pipeline] checkout
[Pipeline] }
[Pipeline] // stage
[Pipeline] withCredentials
[Pipeline] {
[Pipeline] withEnv
[Pipeline] {
[Pipeline] stage
[Pipeline] { (CI Build and push snapshot)
[Pipeline] withEnv
[Pipeline] {
[Pipeline] dir
Running in /home/jenkins/go/src/github.com/cb-kubecd/steve-golang
[Pipeline] {
[Pipeline] checkout
[Pipeline] sh
+ make linux
CGO_ENABLED=0 GOOS=linux GOARCH=amd64 GO15VENDOREXPERIMENT=1 go build -ldflags '' -o bin/steve-golang main.go
[Pipeline] sh
+ export VERSION=0.0.0-SNAPSHOT-PR-5-1
+ skaffold build -f skaffold.yaml
time="2019-02-01T14:47:22Z" level=warning msg="config version (skaffold/v1beta2) out of date: upgrading to latest (skaffold/v1beta3)"
Starting build...
Building [changeme]...
Sending build context to Docker daemon  525.8kBSending build context to Docker daemon  6.502MB
Step 1/4 : FROM scratch
 ---> 
Step 2/4 : EXPOSE 8080
 ---> Using cache
 ---> d7c34924af3b
Step 3/4 : ENTRYPOINT /steve-golang
 ---> Using cache
 ---> 1b090e1992ed
Step 4/4 : COPY ./bin/ /
 ---> Using cache
 ---> 63e55e065b45
Successfully built 63e55e065b45
The push refers to a repository [10.75.242.126:5000/cb-kubecd/steve-golang]
a689a4a9e595: Preparing
a689a4a9e595: Layer already exists
0.0.0-SNAPSHOT-PR-5-1: digest: sha256:30a81c487260b6009afb3ffb8ea15921c4c73440c1b2cd6c36ab3e9f0e345cb4 size: 528
Build complete in 288.684776ms
Starting test...
Test complete in 5.409µs
changeme -> 10.75.242.126:5000/cb-kubecd/steve-golang:0.0.0-SNAPSHOT-PR-5-1
[Pipeline] sh
+ jx step post build --image 10.75.242.126:5000/cb-kubecd/steve-golang:0.0.0-SNAPSHOT-PR-5-1
[Pipeline] }
[Pipeline] // dir
[Pipeline] dir
Running in /home/jenkins/go/src/github.com/cb-kubecd/steve-golang/charts/preview
[Pipeline] {
[Pipeline] sh
+ make preview
sed -i -e "s/version:.*/version: 0.0.0-SNAPSHOT-PR-5-1/" Chart.yaml
sed -i -e "s/version:.*/version: 0.0.0-SNAPSHOT-PR-5-1/" ../*/Chart.yaml
sed -i -e "s|repository:.*|repository: 10.75.242.126:5000\/cb-kubecd\/steve-golang|" values.yaml
sed -i -e "s/tag:.*/tag: 0.0.0-SNAPSHOT-PR-5-1/" values.yaml
echo "  version: 0.0.0-SNAPSHOT-PR-5-1" >> requirements.yaml
jx step helm build
No $CHART_REPOSITORY defined so using the default value of: http://jenkins-x-chartmuseum:8080
Adding missing Helm repo: jenkins-x http://chartmuseum.jenkins-x.io
Successfully added Helm repository jenkins-x.
Adding missing Helm repo: releases http://jenkins-x-chartmuseum:8080
Successfully added Helm repository releases.
[Pipeline] sh
+ jx preview --app steve-golang --dir ../..
Creating a preview
Commit author email is empty for: 0bef6c8fb3b554c86275bac2929c721e253d61db
Looking for commits in: /home/jenkins/go/src/github.com/cb-kubecd/steve-golang/
Found commit author match for: agentgonzo with email address: sarch@cloudbees.com
Created environment cb-kubecd-steve-golang-pr-5
Namespace jx-cb-kubecd-steve-golang-pr-5 created 
 expose:
  Annotations:
    helm.sh/hook: post-install,post-upgrade
    helm.sh/hook-delete-policy: hook-succeeded
  config:
    domain: jx.shared.dev.core.beescloud.com
    exposer: Ingress
    http: "true"
preview:
  image:
    repository: 10.75.242.126:5000/cb-kubecd/steve-golang
    tag: 0.0.0-SNAPSHOT-PR-5-1
Failed to update PipelineActivities cb-kubecd-steve-golang-pr-5-1: the namespace of the object (jx-cb-kubecd-steve-golang-pr-5) does not match the namespace on the request (jx)
Preview application is now available at: http://steve-golang.jx-cb-kubecd-steve-golang-pr-5.jx.shared.dev.core.beescloud.com

[Pipeline] }
[Pipeline] // dir
[Pipeline] }
[Pipeline] // withEnv
[Pipeline] }
[Pipeline] // stage
[Pipeline] stage
[Pipeline] { (Build Release)
Stage "Build Release" skipped due to when conditional
[Pipeline] }
[Pipeline] // stage
[Pipeline] stage
[Pipeline] { (Promote to Environments)
Stage "Promote to Environments" skipped due to when conditional
[Pipeline] }
[Pipeline] // stage
[Pipeline] }
[Pipeline] // withEnv
[Pipeline] }
[Pipeline] // withCredentials
[Pipeline] }
[Pipeline] // node
[Pipeline] End of Pipeline
Finished: SUCCESS
